This file contains any messages produced by compilers while
running configure, to aid debugging if configure makes a mistake.

It was created by configure, which was
generated by GNU Autoconf 2.69.  Invocation command line was

  $ ./configure --with-mysql --with-dbi-libdir=/usr/lib/x86_64-linux-gnu/

## --------- ##
## Platform. ##
## --------- ##

hostname = folio
uname -m = x86_64
uname -r = 5.3.0-23-lowlatency
uname -s = Linux
uname -v = #25-Ubuntu SMP PREEMPT Tue Nov 12 11:33:53 UTC 2019

/usr/bin/uname -p = unknown
/bin/uname -X     = unknown

/bin/arch              = unknown
/usr/bin/arch -k       = unknown
/usr/convex/getsysinfo = unknown
/usr/bin/hostinfo      = unknown
/bin/machine           = unknown
/usr/bin/oslevel       = unknown
/bin/universe          = unknown

PATH: /usr/local/sbin
PATH: /usr/local/bin
PATH: /usr/sbin
PATH: /usr/bin
PATH: /sbin
PATH: /bin
PATH: /snap/bin


## ----------- ##
## Core tests. ##
## ----------- ##

configure:2351: checking whether to enable maintainer-specific portions of Makefiles
configure:2360: result: no
configure:2419: checking for a BSD-compatible install
configure:2487: result: /usr/bin/install -c
configure:2498: checking whether build environment is sane
configure:2553: result: yes
configure:2702: checking for a thread-safe mkdir -p
configure:2741: result: /bin/mkdir -p
configure:2748: checking for gawk
configure:2764: found /usr/bin/gawk
configure:2775: result: gawk
configure:2786: checking whether make sets $(MAKE)
configure:2808: result: yes
configure:2901: checking build system type
configure:2915: result: x86_64-unknown-linux-gnu
configure:2935: checking host system type
configure:2948: result: x86_64-unknown-linux-gnu
configure:3330: checking for gcc
configure:3346: found /usr/bin/gcc
configure:3357: result: gcc
configure:3586: checking for C compiler version
configure:3595: gcc --version >&5
gcc (Ubuntu 9.2.1-9ubuntu2) 9.2.1 20191008
Copyright (C) 2019 Free Software Foundation, Inc.
This is free software; see the source for copying conditions.  There is NO
warranty; not even for MERCHANTABILITY or FITNESS FOR A PARTICULAR PURPOSE.

configure:3606: $? = 0
configure:3595: gcc -v >&5
Using built-in specs.
COLLECT_GCC=gcc
COLLECT_LTO_WRAPPER=/usr/lib/gcc/x86_64-linux-gnu/9/lto-wrapper
OFFLOAD_TARGET_NAMES=nvptx-none:hsa
OFFLOAD_TARGET_DEFAULT=1
Target: x86_64-linux-gnu
Configured with: ../src/configure -v --with-pkgversion='Ubuntu 9.2.1-9ubuntu2' --with-bugurl=file:///usr/share/doc/gcc-9/README.Bugs --enable-languages=c,ada,c++,go,brig,d,fortran,objc,obj-c++,gm2 --prefix=/usr --with-gcc-major-version-only --program-suffix=-9 --program-prefix=x86_64-linux-gnu- --enable-shared --enable-linker-build-id --libexecdir=/usr/lib --without-included-gettext --enable-threads=posix --libdir=/usr/lib --enable-nls --enable-bootstrap --enable-clocale=gnu --enable-libstdcxx-debug --enable-libstdcxx-time=yes --with-default-libstdcxx-abi=new --enable-gnu-unique-object --disable-vtable-verify --enable-plugin --enable-default-pie --with-system-zlib --with-target-system-zlib=auto --enable-multiarch --disable-werror --with-arch-32=i686 --with-abi=m64 --with-multilib-list=m32,m64,mx32 --enable-multilib --with-tune=generic --enable-offload-targets=nvptx-none,hsa --without-cuda-driver --enable-checking=release --build=x86_64-linux-gnu --host=x86_64-linux-gnu --target=x86_64-linux-gnu
Thread model: posix
gcc version 9.2.1 20191008 (Ubuntu 9.2.1-9ubuntu2) 
configure:3606: $? = 0
configure:3595: gcc -V >&5
gcc: error: unrecognized command line option '-V'
gcc: fatal error: no input files
compilation terminated.
configure:3606: $? = 1
configure:3595: gcc -qversion >&5
gcc: error: unrecognized command line option '-qversion'; did you mean '--version'?
gcc: fatal error: no input files
compilation terminated.
configure:3606: $? = 1
configure:3626: checking whether the C compiler works
configure:3648: gcc    conftest.c  >&5
configure:3652: $? = 0
configure:3700: result: yes
configure:3703: checking for C compiler default output file name
configure:3705: result: a.out
configure:3711: checking for suffix of executables
configure:3718: gcc -o conftest    conftest.c  >&5
configure:3722: $? = 0
configure:3744: result: 
configure:3766: checking whether we are cross compiling
configure:3774: gcc -o conftest    conftest.c  >&5
configure:3778: $? = 0
configure:3785: ./conftest
configure:3789: $? = 0
configure:3777: result: no
configure:3782: checking for suffix of object files
configure:3804: gcc -c   conftest.c >&5
configure:3808: $? = 0
configure:3829: result: o
configure:3833: checking whether we are using the GNU C compiler
configure:3852: gcc -c   conftest.c >&5
configure:3852: $? = 0
configure:3861: result: yes
configure:3870: checking whether gcc accepts -g
configure:3890: gcc -c -g  conftest.c >&5
configure:3890: $? = 0
configure:3931: result: yes
configure:3948: checking for gcc option to accept ISO C89
configure:4011: gcc  -c   conftest.c >&5
configure:4011: $? = 0
configure:4024: result: none needed
configure:4055: checking for style of include used by make
configure:4083: result: GNU
configure:4109: checking dependency style of gcc
configure:4220: result: gcc3
configure:4235: checking for a sed that does not truncate output
configure:4299: result: /bin/sed
configure:4317: checking for grep that handles long lines and -e
configure:4375: result: /bin/grep
configure:4380: checking for egrep
configure:4442: result: /bin/grep -E
configure:4447: checking for fgrep
configure:4509: result: /bin/grep -F
configure:4536: checking how to print strings
configure:4563: result: printf
configure:4596: checking for ld used by gcc
configure:4663: result: /usr/bin/ld
configure:4670: checking if the linker (/usr/bin/ld) is GNU ld
configure:4685: result: yes
configure:4740: checking for BSD- or MS-compatible name lister (nm)
configure:4789: result: /usr/bin/nm -B
configure:4919: checking the name lister (/usr/bin/nm -B) interface
configure:4926: gcc -c   conftest.c >&5
configure:4929: /usr/bin/nm -B "conftest.o"
configure:4932: output
0000000000000000 B some_variable
configure:4933: result: BSD nm
configure:4936: checking whether ln -s works
configure:4940: result: yes
configure:4948: checking the maximum length of command line arguments
configure:5078: result: 1572864
configure:5095: checking whether the shell understands some XSI constructs
configure:5104: result: yes
configure:5108: checking whether the shell understands "+="
configure:5112: result: yes
configure:5147: checking how to convert x86_64-unknown-linux-gnu file names to x86_64-unknown-linux-gnu format
configure:5187: result: func_convert_file_noop
configure:5194: checking how to convert x86_64-unknown-linux-gnu file names to toolchain format
configure:5214: result: func_convert_file_noop
configure:5221: checking for /usr/bin/ld option to reload object files
configure:5228: result: -r
configure:5302: checking for objdump
configure:5329: result: objdump
configure:5358: checking how to recognize dependent libraries
configure:5560: result: pass_all
configure:5645: checking for dlltool
configure:5672: result: dlltool
configure:5702: checking how to associate runtime and link libraries
configure:5729: result: printf %s\n
configure:5790: checking for ar
configure:5806: found /usr/bin/ar
configure:5817: result: ar
configure:5854: checking for archiver @FILE support
configure:5871: gcc -c   conftest.c >&5
configure:5871: $? = 0
configure:5874: ar cru libconftest.a @conftest.lst >&5
ar: `u' modifier ignored since `D' is the default (see `U')
configure:5877: $? = 0
configure:5882: ar cru libconftest.a @conftest.lst >&5
ar: `u' modifier ignored since `D' is the default (see `U')
ar: conftest.o: No such file or directory
configure:5885: $? = 1
configure:5884: result: @
configure:5942: checking for strip
configure:5958: found /usr/bin/strip
configure:5969: result: strip
configure:6041: checking for ranlib
configure:6057: found /usr/bin/ranlib
configure:6068: result: ranlib
configure:6170: checking command to parse /usr/bin/nm -B output from gcc object
configure:6290: gcc -c   conftest.c >&5
configure:6293: $? = 0
configure:6297: /usr/bin/nm -B conftest.o \| sed -n -e 's/^.*[ ]\([ABCDGIRSTW][ABCDGIRSTW]*\)[ ][ ]*\([_A-Za-z][_A-Za-z0-9]*\)$/\1 \2 \2/p' | sed '/ __gnu_lto/d' \> conftest.nm
configure:6300: $? = 0
configure:6366: gcc -o conftest    conftest.c conftstm.o >&5
configure:6369: $? = 0
configure:6407: result: ok
configure:6444: checking for sysroot
configure:6474: result: no
configure:6551: gcc -c   conftest.c >&5
configure:6554: $? = 0
configure:6730: checking for mt
configure:6746: found /bin/mt
configure:6757: result: mt
configure:6780: checking if mt is a manifest tool
configure:6786: mt '-?'
configure:6794: result: no
configure:7436: checking how to run the C preprocessor
configure:7467: gcc -E  conftest.c
configure:7467: $? = 0
configure:7481: gcc -E  conftest.c
conftest.c:11:10: fatal error: ac_nonexistent.h: No such file or directory
   11 | #include <ac_nonexistent.h>
      |          ^~~~~~~~~~~~~~~~~~
compilation terminated.
configure:7481: $? = 1
configure: failed program was:
| /* confdefs.h */
| #define PACKAGE_NAME ""
| #define PACKAGE_TARNAME ""
| #define PACKAGE_VERSION ""
| #define PACKAGE_STRING ""
| #define PACKAGE_BUGREPORT ""
| #define PACKAGE_URL ""
| #define PACKAGE "libdbi-drivers"
| #define VERSION "0.9.0"
| /* end confdefs.h.  */
| #include <ac_nonexistent.h>
configure:7506: result: gcc -E
configure:7526: gcc -E  conftest.c
configure:7526: $? = 0
configure:7540: gcc -E  conftest.c
conftest.c:11:10: fatal error: ac_nonexistent.h: No such file or directory
   11 | #include <ac_nonexistent.h>
      |          ^~~~~~~~~~~~~~~~~~
compilation terminated.
configure:7540: $? = 1
configure: failed program was:
| /* confdefs.h */
| #define PACKAGE_NAME ""
| #define PACKAGE_TARNAME ""
| #define PACKAGE_VERSION ""
| #define PACKAGE_STRING ""
| #define PACKAGE_BUGREPORT ""
| #define PACKAGE_URL ""
| #define PACKAGE "libdbi-drivers"
| #define VERSION "0.9.0"
| /* end confdefs.h.  */
| #include <ac_nonexistent.h>
configure:7569: checking for ANSI C header files
configure:7589: gcc -c   conftest.c >&5
configure:7589: $? = 0
configure:7662: gcc -o conftest    conftest.c  >&5
configure:7662: $? = 0
configure:7662: ./conftest
configure:7662: $? = 0
configure:7673: result: yes
configure:7686: checking for sys/types.h
configure:7686: gcc -c   conftest.c >&5
configure:7686: $? = 0
configure:7686: result: yes
configure:7686: checking for sys/stat.h
configure:7686: gcc -c   conftest.c >&5
configure:7686: $? = 0
configure:7686: result: yes
configure:7686: checking for stdlib.h
configure:7686: gcc -c   conftest.c >&5
configure:7686: $? = 0
configure:7686: result: yes
configure:7686: checking for string.h
configure:7686: gcc -c   conftest.c >&5
configure:7686: $? = 0
configure:7686: result: yes
configure:7686: checking for memory.h
configure:7686: gcc -c   conftest.c >&5
configure:7686: $? = 0
configure:7686: result: yes
configure:7686: checking for strings.h
configure:7686: gcc -c   conftest.c >&5
configure:7686: $? = 0
configure:7686: result: yes
configure:7686: checking for inttypes.h
configure:7686: gcc -c   conftest.c >&5
configure:7686: $? = 0
configure:7686: result: yes
configure:7686: checking for stdint.h
configure:7686: gcc -c   conftest.c >&5
configure:7686: $? = 0
configure:7686: result: yes
configure:7686: checking for unistd.h
configure:7686: gcc -c   conftest.c >&5
configure:7686: $? = 0
configure:7686: result: yes
configure:7700: checking for dlfcn.h
configure:7700: gcc -c   conftest.c >&5
configure:7700: $? = 0
configure:7700: result: yes
configure:7904: checking for objdir
configure:7919: result: .libs
configure:8190: checking if gcc supports -fno-rtti -fno-exceptions
configure:8208: gcc -c   -fno-rtti -fno-exceptions conftest.c >&5
cc1: warning: command line option '-fno-rtti' is valid for C++/D/ObjC++ but not for C
configure:8212: $? = 0
configure:8225: result: no
configure:8552: checking for gcc option to produce PIC
configure:8559: result: -fPIC -DPIC
configure:8567: checking if gcc PIC flag -fPIC -DPIC works
configure:8585: gcc -c   -fPIC -DPIC -DPIC conftest.c >&5
configure:8589: $? = 0
configure:8602: result: yes
configure:8631: checking if gcc static flag -static works
configure:8659: result: yes
configure:8674: checking if gcc supports -c -o file.o
configure:8695: gcc -c   -o out/conftest2.o conftest.c >&5
configure:8699: $? = 0
configure:8721: result: yes
configure:8729: checking if gcc supports -c -o file.o
configure:8776: result: yes
configure:8809: checking whether the gcc linker (/usr/bin/ld -m elf_x86_64) supports shared libraries
configure:9962: result: yes
configure:9999: checking whether -lc should be explicitly linked in
configure:10007: gcc -c   conftest.c >&5
configure:10010: $? = 0
configure:10025: gcc -shared  -fPIC -DPIC conftest.o  -v -Wl,-soname -Wl,conftest -o conftest 2\>\&1 \| /bin/grep  -lc  \>/dev/null 2\>\&1
configure:10028: $? = 0
configure:10042: result: no
configure:10202: checking dynamic linker characteristics
configure:10713: gcc -o conftest    -Wl,-rpath -Wl,/foo conftest.c  >&5
configure:10713: $? = 0
configure:10935: result: GNU/Linux ld.so
configure:11042: checking how to hardcode library paths into programs
configure:11067: result: immediate
configure:11607: checking whether stripping libraries is possible
configure:11612: result: yes
configure:11647: checking if libtool supports shared libraries
configure:11649: result: yes
configure:11652: checking whether to build shared libraries
configure:11673: result: yes
configure:11676: checking whether to build static libraries
configure:11680: result: yes
configure:8732: checking how to run the C preprocessor
configure:8802: result: gcc -E
configure:8822: gcc -E  conftest.c
configure:8822: $? = 0
configure:8836: gcc -E  conftest.c
conftest.c:23:10: fatal error: ac_nonexistent.h: No such file or directory
   23 | #include <ac_nonexistent.h>
      |          ^~~~~~~~~~~~~~~~~~
compilation terminated.
configure:8836: $? = 1
configure: failed program was:
| /* confdefs.h */
| #define PACKAGE_NAME ""
| #define PACKAGE_TARNAME ""
| #define PACKAGE_VERSION ""
| #define PACKAGE_STRING ""
| #define PACKAGE_BUGREPORT ""
| #define PACKAGE_URL ""
| #define PACKAGE "libdbi-drivers"
| #define VERSION "0.9.0"
| #define STDC_HEADERS 1
| #define HAVE_SYS_TYPES_H 1
| #define HAVE_SYS_STAT_H 1
| #define HAVE_STDLIB_H 1
| #define HAVE_STRING_H 1
| #define HAVE_MEMORY_H 1
| #define HAVE_STRINGS_H 1
| #define HAVE_INTTYPES_H 1
| #define HAVE_STDINT_H 1
| #define HAVE_UNISTD_H 1
| #define HAVE_DLFCN_H 1
| #define LT_OBJDIR ".libs/"
| /* end confdefs.h.  */
| #include <ac_nonexistent.h>
configure:8909: checking for libdbi framework
configure:8922: checking dbi/dbi.h usability
configure:8922: gcc -c -std=gnu99   conftest.c >&5
configure:8922: $? = 0
configure:8922: result: yes
configure:8922: checking dbi/dbi.h presence
configure:8922: gcc -E  conftest.c
configure:8922: $? = 0
configure:8922: result: yes
configure:8922: checking for dbi/dbi.h
configure:8922: result: yes
configure:8958: checking for MySQL support
configure:8990: result: yes
configure:8995: checking for mysql_config
configure:9011: found /usr/bin/mysql_config
configure:9023: result: yes
configure:9067: checking for MySQL includes
configure:9069: result: -I/usr/include/mysql
configure:9072: checking for MySQL libraries
configure:9074: result: 
configure:9101: checking for PostgreSQL support
configure:9205: result: no
configure:9229: checking for SQLite support
configure:9355: result: no
configure:9379: checking for SQLite3 support
configure:9504: result: no
configure:9528: checking for Msql support
configure:9654: result: no
configure:9678: checking for Oracle support
configure:9764: result: no
configure:9788: checking for Firebird/Interbase support
configure:9963: result: no
configure:9987: checking for Freetds support
configure:10113: result: no
configure:10137: checking for Ingres support
configure:10223: result: no
configure:10247: checking for IBM DB2 support
configure:10333: result: no
configure:10366: checking for strtoll
configure:10366: gcc -o conftest -std=gnu99    conftest.c  >&5
configure:10366: $? = 0
configure:10366: result: yes
configure:10375: checking for atoll
configure:10375: gcc -o conftest -std=gnu99    conftest.c  >&5
configure:10375: $? = 0
configure:10375: result: yes
configure:10391: checking for vasprintf
configure:10391: gcc -o conftest -std=gnu99    conftest.c  >&5
configure:10391: $? = 0
configure:10391: result: yes
configure:10400: checking for asprintf
configure:10400: gcc -o conftest -std=gnu99    conftest.c  >&5
configure:10400: $? = 0
configure:10400: result: yes
configure:10483: checking for libdbi library
configure:10506: result: yes: libs in /usr/lib/x86_64-linux-gnu/
configure:10521: checking for string.h
configure:10521: result: yes
configure:10521: checking for strings.h
configure:10521: result: yes
configure:10639: checking that generated files are newer than configure
configure:10645: result: done
configure:10756: creating ./config.status

## ---------------------- ##
## Running config.status. ##
## ---------------------- ##

This file was extended by config.status, which was
generated by GNU Autoconf 2.69.  Invocation command line was

  CONFIG_FILES    = 
  CONFIG_HEADERS  = 
  CONFIG_LINKS    = 
  CONFIG_COMMANDS = 
  $ ./config.status 

on folio

config.status:1181: creating libdbi-drivers.spec
config.status:1181: creating Makefile
config.status:1181: creating doc/Makefile
config.status:1181: creating doc/include/Makefile
config.status:1181: creating drivers/Makefile
config.status:1181: creating drivers/mysql/Makefile
config.status:1181: creating drivers/pgsql/Makefile
config.status:1181: creating drivers/sqlite/Makefile
config.status:1181: creating drivers/sqlite3/Makefile
config.status:1181: creating drivers/msql/Makefile
config.status:1181: creating drivers/oracle/Makefile
config.status:1181: creating drivers/firebird/Makefile
config.status:1181: creating drivers/freetds/Makefile
config.status:1181: creating drivers/ingres/Makefile
config.status:1181: creating drivers/db2/Makefile
config.status:1181: creating tests/Makefile
config.status:1181: creating tests/cgreen/Makefile
config.status:1181: creating tests/test_dbi.cfg
config.status:1181: creating tests/plugin_settings.sh
config.status:1181: creating config.h
config.status:1362: config.h is unchanged
config.status:1410: executing depfiles commands
config.status:1410: executing libtool commands

## ---------------- ##
## Cache variables. ##
## ---------------- ##

ac_cv_build=x86_64-unknown-linux-gnu
ac_cv_c_compiler_gnu=yes
ac_cv_env_CC_set=
ac_cv_env_CC_value=
ac_cv_env_CFLAGS_set=
ac_cv_env_CFLAGS_value=
ac_cv_env_CPPFLAGS_set=
ac_cv_env_CPPFLAGS_value=
ac_cv_env_CPP_set=
ac_cv_env_CPP_value=
ac_cv_env_LDFLAGS_set=
ac_cv_env_LDFLAGS_value=
ac_cv_env_LIBS_set=
ac_cv_env_LIBS_value=
ac_cv_env_build_alias_set=
ac_cv_env_build_alias_value=
ac_cv_env_host_alias_set=
ac_cv_env_host_alias_value=
ac_cv_env_target_alias_set=
ac_cv_env_target_alias_value=
ac_cv_func_asprintf=yes
ac_cv_func_atoll=yes
ac_cv_func_strtoll=yes
ac_cv_func_vasprintf=yes
ac_cv_header_dbi_dbi_h=yes
ac_cv_header_dlfcn_h=yes
ac_cv_header_inttypes_h=yes
ac_cv_header_memory_h=yes
ac_cv_header_stdc=yes
ac_cv_header_stdint_h=yes
ac_cv_header_stdlib_h=yes
ac_cv_header_string_h=yes
ac_cv_header_strings_h=yes
ac_cv_header_sys_stat_h=yes
ac_cv_header_sys_types_h=yes
ac_cv_header_unistd_h=yes
ac_cv_host=x86_64-unknown-linux-gnu
ac_cv_objext=o
ac_cv_path_EGREP='/bin/grep -E'
ac_cv_path_FGREP='/bin/grep -F'
ac_cv_path_GREP=/bin/grep
ac_cv_path_SED=/bin/sed
ac_cv_path_install='/usr/bin/install -c'
ac_cv_path_mkdir=/bin/mkdir
ac_cv_prog_AWK=gawk
ac_cv_prog_CPP='gcc -E'
ac_cv_prog_MYSQL_CONFIG=yes
ac_cv_prog_ac_ct_AR=ar
ac_cv_prog_ac_ct_CC=gcc
ac_cv_prog_ac_ct_DLLTOOL=dlltool
ac_cv_prog_ac_ct_MANIFEST_TOOL=mt
ac_cv_prog_ac_ct_OBJDUMP=objdump
ac_cv_prog_ac_ct_RANLIB=ranlib
ac_cv_prog_ac_ct_STRIP=strip
ac_cv_prog_cc_c89=
ac_cv_prog_cc_g=yes
ac_cv_prog_make_make_set=yes
am_cv_CC_dependencies_compiler_type=gcc3
lt_cv_ar_at_file=@
lt_cv_archive_cmds_need_lc=no
lt_cv_deplibs_check_method=pass_all
lt_cv_file_magic_cmd='$MAGIC_CMD'
lt_cv_file_magic_test_file=
lt_cv_ld_reload_flag=-r
lt_cv_nm_interface='BSD nm'
lt_cv_objdir=.libs
lt_cv_path_LD=/usr/bin/ld
lt_cv_path_NM='/usr/bin/nm -B'
lt_cv_path_mainfest_tool=no
lt_cv_prog_compiler_c_o=yes
lt_cv_prog_compiler_pic='-fPIC -DPIC'
lt_cv_prog_compiler_pic_works=yes
lt_cv_prog_compiler_rtti_exceptions=no
lt_cv_prog_compiler_static_works=yes
lt_cv_prog_gnu_ld=yes
lt_cv_sharedlib_from_linklib_cmd='printf %s\n'
lt_cv_shlibpath_overrides_runpath=yes
lt_cv_sys_global_symbol_pipe='sed -n -e '\''s/^.*[	 ]\([ABCDGIRSTW][ABCDGIRSTW]*\)[	 ][	 ]*\([_A-Za-z][_A-Za-z0-9]*\)$/\1 \2 \2/p'\'' | sed '\''/ __gnu_lto/d'\'''
lt_cv_sys_global_symbol_to_c_name_address='sed -n -e '\''s/^: \([^ ]*\)[ ]*$/  {\"\1\", (void *) 0},/p'\'' -e '\''s/^[ABCDGIRSTW]* \([^ ]*\) \([^ ]*\)$/  {"\2", (void *) \&\2},/p'\'''
lt_cv_sys_global_symbol_to_c_name_address_lib_prefix='sed -n -e '\''s/^: \([^ ]*\)[ ]*$/  {\"\1\", (void *) 0},/p'\'' -e '\''s/^[ABCDGIRSTW]* \([^ ]*\) \(lib[^ ]*\)$/  {"\2", (void *) \&\2},/p'\'' -e '\''s/^[ABCDGIRSTW]* \([^ ]*\) \([^ ]*\)$/  {"lib\2", (void *) \&\2},/p'\'''
lt_cv_sys_global_symbol_to_cdecl='sed -n -e '\''s/^T .* \(.*\)$/extern int \1();/p'\'' -e '\''s/^[ABCDGIRSTW]* .* \(.*\)$/extern char \1;/p'\'''
lt_cv_sys_max_cmd_len=1572864
lt_cv_to_host_file_cmd=func_convert_file_noop
lt_cv_to_tool_file_cmd=func_convert_file_noop

## ----------------- ##
## Output variables. ##
## ----------------- ##

ACLOCAL='${SHELL} /home/ethan/Documents/code/libdbi-drivers-0.9.0/missing --run aclocal-1.12'
AMDEPBACKSLASH='\'
AMDEP_FALSE='#'
AMDEP_TRUE=''
AMTAR='$${TAR-tar}'
AR='ar'
AS='as'
AUTOCONF='${SHELL} /home/ethan/Documents/code/libdbi-drivers-0.9.0/missing --run autoconf'
AUTOHEADER='${SHELL} /home/ethan/Documents/code/libdbi-drivers-0.9.0/missing --run autoheader'
AUTOMAKE='${SHELL} /home/ethan/Documents/code/libdbi-drivers-0.9.0/missing --run automake-1.12'
AWK='gawk'
BUILDDOCS_FALSE='#'
BUILDDOCS_TRUE=''
CC='gcc'
CCDEPMODE='depmode=gcc3'
CFLAGS='-std=gnu99 '
CPP='gcc -E'
CPPFLAGS=''
CYGPATH_W='echo'
DB2_INCLUDE=''
DB2_LDFLAGS=''
DB2_LIBS=''
DB2_TEST=''
DBI_INCLUDE=''
DEBUG='-g -std=gnu99 '
DEFS='-DHAVE_CONFIG_H'
DEPDIR='.deps'
DLLTOOL='dlltool'
DSYMUTIL=''
DUMPBIN=''
ECHO_C=''
ECHO_N='-n'
ECHO_T=''
EGREP='/bin/grep -E'
EXEEXT=''
FGREP='/bin/grep -F'
FIREBIRD_INCLUDE=''
FIREBIRD_ISQL=''
FIREBIRD_ISQL_FLAG=''
FIREBIRD_LDFLAGS=''
FIREBIRD_LIBS=''
FIREBIRD_TEST=''
FREETDS_INCLUDE=''
FREETDS_LDFLAGS=''
FREETDS_LIBS=''
FREETDS_TEST=''
GREP='/bin/grep'
HAVE_DB2_FALSE=''
HAVE_DB2_TRUE='#'
HAVE_DBI_FALSE=''
HAVE_DBI_TRUE='#'
HAVE_FIREBIRD_INTERBASE_FALSE=''
HAVE_FIREBIRD_INTERBASE_TRUE='#'
HAVE_FREETDS_FALSE=''
HAVE_FREETDS_TRUE='#'
HAVE_INGRES_FALSE=''
HAVE_INGRES_TRUE='#'
HAVE_MSQL_FALSE=''
HAVE_MSQL_TRUE='#'
HAVE_MYSQL_FALSE='#'
HAVE_MYSQL_TRUE=''
HAVE_ORACLE_FALSE=''
HAVE_ORACLE_TRUE='#'
HAVE_PGSQL_FALSE=''
HAVE_PGSQL_TRUE='#'
HAVE_SQLITE3_FALSE=''
HAVE_SQLITE3_TRUE='#'
HAVE_SQLITE_FALSE=''
HAVE_SQLITE_TRUE='#'
INGRES_INCLUDE=''
INGRES_LDFLAGS=''
INGRES_LIBS=''
INGRES_TEST=''
INSTALL_DATA='${INSTALL} -m 644'
INSTALL_PROGRAM='${INSTALL}'
INSTALL_SCRIPT='${INSTALL}'
INSTALL_STRIP_PROGRAM='$(install_sh) -c -s'
LD='/usr/bin/ld -m elf_x86_64'
LDFLAGS=''
LIBADD_LIBDBI='-no-undefined -ldbi -L/usr/lib/x86_64-linux-gnu/'
LIBDBI_LIBDIR='/usr/lib/x86_64-linux-gnu/'
LIBDBI_TEST='test_libdbi.sh'
LIBOBJS=''
LIBS=''
LIBTOOL='$(SHELL) $(top_builddir)/libtool'
LIPO=''
LN_S='ln -s'
LTLIBOBJS=''
MAINT='#'
MAINTAINER_MODE_FALSE=''
MAINTAINER_MODE_TRUE='#'
MAKEINFO='${SHELL} /home/ethan/Documents/code/libdbi-drivers-0.9.0/missing --run makeinfo'
MANIFEST_TOOL=':'
MKDIR_P='/bin/mkdir -p'
MSQL_INCLUDE=''
MSQL_LDFLAGS=''
MSQL_LIBS=''
MSQL_TEST=''
MYSQL_CONFIG='yes'
MYSQL_INCLUDE='-I/usr/include/mysql'
MYSQL_LDFLAGS=''
MYSQL_LIBS='-L/usr/lib/x86_64-linux-gnu -lmysqlclient -lpthread -lz -lm -lrt -lssl -lcrypto -ldl'
MYSQL_TEST='test_mysql.sh'
NM='/usr/bin/nm -B'
NMEDIT=''
OBJDUMP='objdump'
OBJEXT='o'
ORACLE_INCLUDE=''
ORACLE_LDFLAGS=''
ORACLE_LIBS=''
ORACLE_TEST=''
OTOOL64=''
OTOOL=''
PACKAGE='libdbi-drivers'
PACKAGE_BUGREPORT=''
PACKAGE_NAME=''
PACKAGE_STRING=''
PACKAGE_TARNAME=''
PACKAGE_URL=''
PACKAGE_VERSION=''
PATH_SEPARATOR=':'
PGSQL_INCLUDE=''
PGSQL_LDFLAGS=''
PGSQL_LIBS=''
PGSQL_TEST=''
PG_CONFIG=''
PROFILE='-g -p -std=gnu99 '
RANLIB='ranlib'
SED='/bin/sed'
SET_MAKE=''
SHELL='/bin/bash'
SQLITE3_INCLUDE=''
SQLITE3_LDFLAGS=''
SQLITE3_LIBS=''
SQLITE3_TEST=''
SQLITE_INCLUDE=''
SQLITE_LDFLAGS=''
SQLITE_LIBS=''
SQLITE_TEST=''
STRIP='strip'
VERSION='0.9.0'
ac_ct_AR='ar'
ac_ct_CC='gcc'
ac_ct_DUMPBIN=''
am__EXEEXT_FALSE=''
am__EXEEXT_TRUE='#'
am__fastdepCC_FALSE='#'
am__fastdepCC_TRUE=''
am__include='include'
am__isrc=''
am__leading_dot='.'
am__nodep='_no'
am__quote=''
am__tar='$${TAR-tar} chof - "$$tardir"'
am__untar='$${TAR-tar} xf -'
bindir='${exec_prefix}/bin'
build='x86_64-unknown-linux-gnu'
build_alias=''
build_cpu='x86_64'
build_os='linux-gnu'
build_vendor='unknown'
datadir='${datarootdir}'
datarootdir='${prefix}/share'
dbi_dbdir='$(localstatedir)/lib/libdbi'
docdir='${datarootdir}/doc/${PACKAGE}'
docs_subdirs='doc'
driverdir='${exec_prefix}/lib/dbd'
dvidir='${docdir}'
exec_prefix='${prefix}'
host='x86_64-unknown-linux-gnu'
host_alias=''
host_cpu='x86_64'
host_os='linux-gnu'
host_vendor='unknown'
htmldir='${docdir}'
includedir='${prefix}/include'
infodir='${datarootdir}/info'
install_sh='${SHELL} /home/ethan/Documents/code/libdbi-drivers-0.9.0/install-sh'
libdir='${exec_prefix}/lib'
libexecdir='${exec_prefix}/libexec'
localedir='${datarootdir}/locale'
localstatedir='${prefix}/var'
mandir='${datarootdir}/man'
mkdir_p='$(MKDIR_P)'
oldincludedir='/usr/include'
pdfdir='${docdir}'
prefix='/usr/local'
program_transform_name='s,x,x,'
psdir='${docdir}'
sbindir='${exec_prefix}/sbin'
sharedstatedir='${prefix}/com'
sysconfdir='${prefix}/etc'
target_alias=''

## ----------- ##
## confdefs.h. ##
## ----------- ##

/* confdefs.h */
#define PACKAGE_NAME ""
#define PACKAGE_TARNAME ""
#define PACKAGE_VERSION ""
#define PACKAGE_STRING ""
#define PACKAGE_BUGREPORT ""
#define PACKAGE_URL ""
#define PACKAGE "libdbi-drivers"
#define VERSION "0.9.0"
#define STDC_HEADERS 1
#define HAVE_SYS_TYPES_H 1
#define HAVE_SYS_STAT_H 1
#define HAVE_STDLIB_H 1
#define HAVE_STRING_H 1
#define HAVE_MEMORY_H 1
#define HAVE_STRINGS_H 1
#define HAVE_INTTYPES_H 1
#define HAVE_STDINT_H 1
#define HAVE_UNISTD_H 1
#define HAVE_DLFCN_H 1
#define LT_OBJDIR ".libs/"
#define DLOPEN_FLAG RTLD_NOW
#define HAVE_DBI_DBI_H 1
#define DRIVER_EXT ".so"
#define HAVE_STRTOLL 1
#define HAVE_ATOLL 1
#define HAVE_VASPRINTF 1
#define HAVE_ASPRINTF 1
#define HAVE_STRING_H 1
#define HAVE_STRINGS_H 1

configure: exit 0
